Der Buildvorgang wurde am 02.12.2011 21:42:18 gestartet.
     1>Projekt "D:\Daten\Projekte\FileMonitor\flmonsvc\flmonsvc.vcxproj" auf Knoten "2", build Ziel(e).
     1>InitializeBuildStatus:
         "Debug\flmonsvc.unsuccessfulbuild" wird erstellt, da "AlwaysCreate" angegeben wurde.
       ClCompile:
         Alle Ausgaben sind aktuell.
       ManifestResourceCompile:
         Alle Ausgaben sind aktuell.
       Link:
         Alle Ausgaben sind aktuell.
       Manifest:
         Alle Ausgaben sind aktuell.
       PostBuildEvent:
         D:\Daten\Projekte\FileMonitor\flmonsvc\copyservice.cmd
         :VCEnd
                 1 Datei(en) kopiert.
       FinalizeBuildStatus:
         Die Datei "Debug\flmonsvc.unsuccessfulbuild" wird gelöscht.
         Aktualisieren des Timestamps von "Debug\flmonsvc.lastbuildstate".
     1>Die Erstellung des Projekts "D:\Daten\Projekte\FileMonitor\flmonsvc\flmonsvc.vcxproj" ist abgeschlossen, build Ziel(e).

Das Erstellen war erfolgreich.

Verstrichene Zeit 00:00:00.09
