D:\DATEN\PROJEKTE\FILEMONITOR\DEBUG\FLMONSVC.EXE
D:\DATEN\PROJEKTE\FILEMONITOR\DEBUG\FLMONSVC.ILK
D:\DATEN\PROJEKTE\FILEMONITOR\DEBUG\FLMONSVC.PDB
D:\Daten\Projekte\FileMonitor\flmonsvc\Debug\cl.command.1.tlog
D:\Daten\Projekte\FileMonitor\flmonsvc\Debug\CL.read.1.tlog
D:\Daten\Projekte\FileMonitor\flmonsvc\Debug\CL.write.1.tlog
D:\DATEN\PROJEKTE\FILEMONITOR\FLMONSVC\DEBUG\FILEWRITER.OBJ
D:\DATEN\PROJEKTE\FILEMONITOR\FLMONSVC\DEBUG\FLMONSVC.EXE.EMBED.MANIFEST
D:\DATEN\PROJEKTE\FILEMONITOR\FLMONSVC\DEBUG\FLMONSVC.EXE.EMBED.MANIFEST.RES
D:\DATEN\PROJEKTE\FILEMONITOR\FLMONSVC\DEBUG\FLMONSVC.EXE.INTERMEDIATE.MANIFEST
D:\Daten\Projekte\FileMonitor\flmonsvc\Debug\flmonsvc_manifest.rc
D:\DATEN\PROJEKTE\FILEMONITOR\FLMONSVC\DEBUG\FSLOGFILE.OBJ
D:\Daten\Projekte\FileMonitor\flmonsvc\Debug\link.2152.read.1.tlog
D:\Daten\Projekte\FileMonitor\flmonsvc\Debug\link.2152.write.1.tlog
D:\Daten\Projekte\FileMonitor\flmonsvc\Debug\link.2152-cvtres.read.1.tlog
D:\Daten\Projekte\FileMonitor\flmonsvc\Debug\link.2152-cvtres.write.1.tlog
D:\Daten\Projekte\FileMonitor\flmonsvc\Debug\link.2960.read.1.tlog
D:\Daten\Projekte\FileMonitor\flmonsvc\Debug\link.2960.write.1.tlog
D:\Daten\Projekte\FileMonitor\flmonsvc\Debug\link.2960-cvtres.read.1.tlog
D:\Daten\Projekte\FileMonitor\flmonsvc\Debug\link.2960-cvtres.write.1.tlog
D:\Daten\Projekte\FileMonitor\flmonsvc\Debug\link.3600.read.1.tlog
D:\Daten\Projekte\FileMonitor\flmonsvc\Debug\link.3600.write.1.tlog
D:\Daten\Projekte\FileMonitor\flmonsvc\Debug\link.3600-cvtres.read.1.tlog
D:\Daten\Projekte\FileMonitor\flmonsvc\Debug\link.3600-cvtres.write.1.tlog
D:\Daten\Projekte\FileMonitor\flmonsvc\Debug\link.5392.read.1.tlog
D:\Daten\Projekte\FileMonitor\flmonsvc\Debug\link.5392.write.1.tlog
D:\Daten\Projekte\FileMonitor\flmonsvc\Debug\link.5392-cvtres.read.1.tlog
D:\Daten\Projekte\FileMonitor\flmonsvc\Debug\link.5392-cvtres.write.1.tlog
D:\Daten\Projekte\FileMonitor\flmonsvc\Debug\link.7016.read.1.tlog
D:\Daten\Projekte\FileMonitor\flmonsvc\Debug\link.7016.write.1.tlog
D:\Daten\Projekte\FileMonitor\flmonsvc\Debug\link.7016-cvtres.read.1.tlog
D:\Daten\Projekte\FileMonitor\flmonsvc\Debug\link.7016-cvtres.write.1.tlog
D:\Daten\Projekte\FileMonitor\flmonsvc\Debug\link.7308.read.1.tlog
D:\Daten\Projekte\FileMonitor\flmonsvc\Debug\link.7308.write.1.tlog
D:\Daten\Projekte\FileMonitor\flmonsvc\Debug\link.7308-cvtres.read.1.tlog
D:\Daten\Projekte\FileMonitor\flmonsvc\Debug\link.7308-cvtres.write.1.tlog
D:\Daten\Projekte\FileMonitor\flmonsvc\Debug\link.7368.read.1.tlog
D:\Daten\Projekte\FileMonitor\flmonsvc\Debug\link.7368.write.1.tlog
D:\Daten\Projekte\FileMonitor\flmonsvc\Debug\link.7368-cvtres.read.1.tlog
D:\Daten\Projekte\FileMonitor\flmonsvc\Debug\link.7368-cvtres.write.1.tlog
D:\Daten\Projekte\FileMonitor\flmonsvc\Debug\link.7420.read.1.tlog
D:\Daten\Projekte\FileMonitor\flmonsvc\Debug\link.7420.write.1.tlog
D:\Daten\Projekte\FileMonitor\flmonsvc\Debug\link.7420-cvtres.read.1.tlog
D:\Daten\Projekte\FileMonitor\flmonsvc\Debug\link.7420-cvtres.write.1.tlog
D:\Daten\Projekte\FileMonitor\flmonsvc\Debug\link.764.read.1.tlog
D:\Daten\Projekte\FileMonitor\flmonsvc\Debug\link.764.write.1.tlog
D:\Daten\Projekte\FileMonitor\flmonsvc\Debug\link.764-cvtres.read.1.tlog
D:\Daten\Projekte\FileMonitor\flmonsvc\Debug\link.764-cvtres.write.1.tlog
D:\Daten\Projekte\FileMonitor\flmonsvc\Debug\link.8340.read.1.tlog
D:\Daten\Projekte\FileMonitor\flmonsvc\Debug\link.8340.write.1.tlog
D:\Daten\Projekte\FileMonitor\flmonsvc\Debug\link.8340-cvtres.read.1.tlog
D:\Daten\Projekte\FileMonitor\flmonsvc\Debug\link.8340-cvtres.write.1.tlog
D:\Daten\Projekte\FileMonitor\flmonsvc\Debug\link.8504.read.1.tlog
D:\Daten\Projekte\FileMonitor\flmonsvc\Debug\link.8504.write.1.tlog
D:\Daten\Projekte\FileMonitor\flmonsvc\Debug\link.8504-cvtres.read.1.tlog
D:\Daten\Projekte\FileMonitor\flmonsvc\Debug\link.8504-cvtres.write.1.tlog
D:\Daten\Projekte\FileMonitor\flmonsvc\Debug\link.9156.read.1.tlog
D:\Daten\Projekte\FileMonitor\flmonsvc\Debug\link.9156.write.1.tlog
D:\Daten\Projekte\FileMonitor\flmonsvc\Debug\link.9156-cvtres.read.1.tlog
D:\Daten\Projekte\FileMonitor\flmonsvc\Debug\link.9156-cvtres.write.1.tlog
D:\Daten\Projekte\FileMonitor\flmonsvc\Debug\link.command.1.tlog
D:\Daten\Projekte\FileMonitor\flmonsvc\Debug\link.read.1.tlog
D:\Daten\Projekte\FileMonitor\flmonsvc\Debug\link.write.1.tlog
D:\Daten\Projekte\FileMonitor\flmonsvc\Debug\link-cvtres.read.1.tlog
D:\Daten\Projekte\FileMonitor\flmonsvc\Debug\link-cvtres.write.1.tlog
D:\Daten\Projekte\FileMonitor\flmonsvc\Debug\mt.command.1.tlog
D:\Daten\Projekte\FileMonitor\flmonsvc\Debug\mt.read.1.tlog
D:\Daten\Projekte\FileMonitor\flmonsvc\Debug\mt.write.1.tlog
D:\Daten\Projekte\FileMonitor\flmonsvc\Debug\rc.command.1.tlog
D:\Daten\Projekte\FileMonitor\flmonsvc\Debug\rc.read.1.tlog
D:\Daten\Projekte\FileMonitor\flmonsvc\Debug\rc.write.1.tlog
D:\DATEN\PROJEKTE\FILEMONITOR\FLMONSVC\DEBUG\REGISTRYWINDOWS.OBJ
D:\DATEN\PROJEKTE\FILEMONITOR\FLMONSVC\DEBUG\SERVICE.OBJ
D:\DATEN\PROJEKTE\FILEMONITOR\FLMONSVC\DEBUG\TAGSTORECONFIG.OBJ
D:\Daten\Projekte\FileMonitor\flmonsvc\Debug\vc100.idb
D:\DATEN\PROJEKTE\FILEMONITOR\FLMONSVC\DEBUG\VC100.PDB
