BUILD: Computing Include file dependencies:
BUILD: Examining d:\daten\projekte\filemonitor\flmon directory for files to compile.
oacr invalidate root:amd64chk /autocleanqueue
1>Compiling d:\daten\projekte\filemonitor\flmon *************
1>'nmake.exe /nologo BUILDMSG=Stop. -i /nologo /f d:\winddk\7600.16385.1\bin\makefile.def BUILD_PASS=PASS1 NOLINK=1 NOPASS0=1 MAKEDIR_RELATIVE_TO_BASEDIR='
1> D:\WinDDK\7600.16385.1\Bin\x86\oacr\oacrcl @d:\daten\projekte\filemonitor\flmon\objchk_win7_amd64\amd64\cl.rsp
1>Microsoft (R) C/C++ Optimizing Compiler Version 15.00.30729.207 for x64
1>Copyright (C) Microsoft Corporation.  All rights reserved.
1>cl /Fo"d:\daten\projekte\filemonitor\flmon\objchk_win7_amd64\amd64/"
1> /FC
1> /Iamd64\
1> /I.
1> /ID:\WinDDK\7600.16385.1\inc\ddk
1> /ID:\WinDDK\7600.16385.1\inc\api\inc\ddk
1> /Id:\daten\projekte\filemonitor\flmon\objchk_win7_amd64\amd64
1> /ID:\WinDDK\7600.16385.1\inc\api
1> /ID:\WinDDK\7600.16385.1\inc\api
1> /ID:\WinDDK\7600.16385.1\inc\crt
1> /ID:\WinDDK\7600.16385.1\inc\api\crt\iostreams
1> /ID:\WinDDK\7600.16385.1\inc\api\crt\stl70
1> /D_WIN64
1> /D_AMD64_
1> /DAMD64
1> /DCONDITION_HANDLING=1
1> /DNT_UP=1
1> /DNT_INST=0
1> /DWIN32=100
1> /D_NT1X_=100
1> /DWINNT=1
1> /D_WIN32_WINNT=0x0601
1> /DWINVER=0x0601
1> /D_WIN32_IE=0x0800
1> /DWIN32_LEAN_AND_MEAN=1
1> /DDEVL=1
1> /DDBG=1
1> /D__BUILDMACHINE__=WinDDK
1> /D_STATIC_CPPLIB
1> /D_STL70_
1> /D_DLL=1
1> /D_MT=1
1> -DUNICODE
1> -D_UNICODE
1> -DDLLEXP
1> /DDEPRECATE_DDK_FUNCTIONS=1
1> /DMSC_NOOPT
1> /DNTDDI_VERSION=0x06010000
1> /c
1> /Zc:wchar_t-
1> /Zl
1> /Zp8
1> /Gy
1> /W3
1> /EHs-c-
1> /GR
1> /GF
1> /GS
1> /Zi
1> /Od
1> /Oi
1> /GL
1> /Zi
1> /Fdd:\daten\projekte\filemonitor\flmon\objchk_win7_amd64\amd64\
1> /DKMDF_MAJOR_VERSION_STRING=01
1> /DKMDF_MINOR_VERSION_STRING=009
1> /typedil-
1> /wd4603
1> /wd4627
1> /homeparams
1> /FID:\WinDDK\7600.16385.1\inc\api\warning.h
1> .\flmonipc.c 
1>flmonipc.c
1> D:\WinDDK\7600.16385.1\Bin\x86\oacr\oacrlink /lib /out:d:\daten\projekte\filemonitor\flmon\objchk_win7_amd64\amd64\flmon.lib @d:\daten\projekte\filemonitor\flmon\objchk_win7_amd64\amd64\lib.rsp
1>Microsoft (R) Library Manager Version 9.00.30729.207
1>Copyright (C) Microsoft Corporation.  All rights reserved.
1>/IGNORE:4198,4010,4037,4039,4065,4070,4078,4087,4089,4221,4108,4088,4218,4218,4235 
1>/WX 
1>/nodefaultlib 
1>/machine:amd64 
1>/ltcg 
1>/def:flmon.def 
1>D:\WinDDK\7600.16385.1\lib\win7\amd64\shell32.lib 
1>d:\daten\projekte\filemonitor\flmon\objchk_win7_amd64\amd64\flmonipc.obj 
1> Creating library d:\daten\projekte\filemonitor\flmon\objchk_win7_amd64\amd64\flmon.lib and object d:\daten\projekte\filemonitor\flmon\objchk_win7_amd64\amd64\flmon.exp
1>Linking for d:\daten\projekte\filemonitor\flmon *************
1>'nmake.exe /nologo BUILDMSG=Stop. -i /nologo /f d:\winddk\7600.16385.1\bin\makefile.def BUILD_PASS=PASS2 LINKONLY=1 NOPASS0=1 MAKEDLL=1 MAKEDIR_RELATIVE_TO_BASEDIR='
1> D:\WinDDK\7600.16385.1\Bin\x86\oacr\oacrlink /out:d:\daten\projekte\filemonitor\flmon\objchk_win7_amd64\amd64\flmon.dll /machine:amd64 @d:\daten\projekte\filemonitor\flmon\objchk_win7_amd64\amd64\lnk.rsp
1>Microsoft (R) Incremental Linker Version 9.00.30729.207
1>Copyright (C) Microsoft Corporation.  All rights reserved.
1>/MERGE:_PAGE=PAGE 
1>/MERGE:_TEXT=.text 
1>/SECTION:INIT,d 
1>/OPT:REF 
1>/OPT:ICF 
1>/IGNORE:4198,4010,4037,4039,4065,4070,4078,4087,4089,4221,4108,4088,4218,4218,4235 
1>/INCREMENTAL:NO 
1>/release 
1>/NODEFAULTLIB 
1>/WX 
1>/debug 
1>/debugtype:cv,fixup,pdata 
1>/version:6.1 
1>/osversion:6.1 
1>D:\WinDDK\7600.16385.1\lib\win7\amd64\hotpatch.obj 
1>/functionpadmin:6 
1>/merge:.rdata=.text 
1>/pdbcompress 
1>/dynamicbase 
1>/STACK:0x40000,0x1000 
1>/dll 
1>/base:@D:\WinDDK\7600.16385.1\bin\coffbase.txt,flmon 
1>/subsystem:console,6.01 
1>-entry:_DllMainCRTStartup 
1>d:\daten\projekte\filemonitor\flmon\objchk_win7_amd64\amd64\flmon.exp 
1>d:\daten\projekte\filemonitor\flmon\objchk_win7_amd64\amd64\flmonipc.obj 
1>D:\WinDDK\7600.16385.1\lib\win7\amd64\shell32.lib 
1>D:\WinDDK\7600.16385.1\lib\win7\amd64\ntstc_msvcrt.lib 
1>D:\WinDDK\7600.16385.1\lib\crt\amd64\msvcrt.lib 
1>D:\WinDDK\7600.16385.1\lib\crt\amd64\msvcirt.lib 
1>D:\WinDDK\7600.16385.1\lib\win7\amd64\user32.lib 
1>D:\WinDDK\7600.16385.1\lib\win7\amd64\gdi32.lib 
1>D:\WinDDK\7600.16385.1\lib\win7\amd64\kernel32.lib 
1>D:\WinDDK\7600.16385.1\lib\win7\amd64\fltlib.lib 
1>flmonipc.obj : MSIL .netmodule or module compiled with /GL found; restarting link with /LTCG; add /LTCG to the link command line to improve linker performance
1>Microsoft (R) Incremental Linker Version 9.00.30729.207
1>Copyright (C) Microsoft Corporation.  All rights reserved.
1>/MERGE:_PAGE=PAGE 
1>/MERGE:_TEXT=.text 
1>/SECTION:INIT,d 
1>/OPT:REF 
1>/OPT:ICF 
1>/IGNORE:4198,4010,4037,4039,4065,4070,4078,4087,4089,4221,4108,4088,4218,4218,4235 
1>/INCREMENTAL:NO 
1>/release 
1>/NODEFAULTLIB 
1>/WX 
1>/debug 
1>/debugtype:cv,fixup,pdata 
1>/version:6.1 
1>/osversion:6.1 
1>D:\WinDDK\7600.16385.1\lib\win7\amd64\hotpatch.obj 
1>/functionpadmin:6 
1>/merge:.rdata=.text 
1>/pdbcompress 
1>/dynamicbase 
1>/STACK:0x40000,0x1000 
1>/dll 
1>/base:@D:\WinDDK\7600.16385.1\bin\coffbase.txt,flmon 
1>/subsystem:console,6.01 
1>-entry:_DllMainCRTStartup 
1>d:\daten\projekte\filemonitor\flmon\objchk_win7_amd64\amd64\flmon.exp 
1>d:\daten\projekte\filemonitor\flmon\objchk_win7_amd64\amd64\flmonipc.obj 
1>D:\WinDDK\7600.16385.1\lib\win7\amd64\shell32.lib 
1>D:\WinDDK\7600.16385.1\lib\win7\amd64\ntstc_msvcrt.lib 
1>D:\WinDDK\7600.16385.1\lib\crt\amd64\msvcrt.lib 
1>D:\WinDDK\7600.16385.1\lib\crt\amd64\msvcirt.lib 
1>D:\WinDDK\7600.16385.1\lib\win7\amd64\user32.lib 
1>D:\WinDDK\7600.16385.1\lib\win7\amd64\gdi32.lib 
1>D:\WinDDK\7600.16385.1\lib\win7\amd64\kernel32.lib 
1>D:\WinDDK\7600.16385.1\lib\win7\amd64\fltlib.lib 
1>Generating code
1>Finished generating code
