Der Buildvorgang wurde am 03.01.2012 18:25:21 gestartet.
     1>Projekt "D:\Daten\Projekte\FileMonitor\flmonflt\flmonflt.vcxproj" auf Knoten "2", build Ziel(e).
     1>Build:
         builddrv_x64.cmd
         OACR monitor running already
         path contains nonexistant d:\program files (x86)\microsoft visual studio 10.0\common7\tools\bin, removing
         path contains nonexistant c:\program files (x86)\microsoft sdks\windows\v7.0a\\lib\win64, removing
         BUILD: Compile and Link for AMD64
         
         BUILD: Loading d:\winddk\7600.16385.1\build.dat...
         
         BUILD: Computing Include file dependencies:
         
         BUILD: Start time: Tue Jan 03 18:25:21 2012
         BUILD: Examining d:\daten\projekte\filemonitor\flmonflt directory for files to compile.
         
             d:\daten\projekte\filemonitor\flmonflt 
         
         Invalidating OACR warning log for 'root:amd64fre'
         BUILD: Saving d:\winddk\7600.16385.1\build.dat...
         
         BUILD: Compiling and Linking d:\daten\projekte\filemonitor\flmonflt directory
         
         Configuring OACR for 'root:amd64fre' - <OACR on>
         BUILD: Finish time: Tue Jan 03 18:25:22 2012
         BUILD: Done
         
         
         
             0 files compiled - 2 Warnings
         
         Das System kann die angegebene Datei nicht finden.
         Das System kann die angegebene Datei nicht finden.
     1>C:\Program Files (x86)\MSBuild\Microsoft.Cpp\v4.0\Microsoft.MakeFile.Targets(38,5): error MSB3073: Der Befehl "builddrv_x64.cmd" wurde mit dem Code 1 beendet.
     1>Die Erstellung des Projekts "D:\Daten\Projekte\FileMonitor\flmonflt\flmonflt.vcxproj" ist abgeschlossen, build Ziel(e) -- FEHLER.

Fehler beim Erstellen

Verstrichene Zeit 00:00:01.16
