BUILD: Computing Include file dependencies:
BUILD: Examining d:\daten\projekte\filemonitor\flmonflt directory for files to compile.
oacr invalidate root:amd64fre /autocleanqueue
1>Compiling and Linking d:\daten\projekte\filemonitor\flmonflt *************
1>'nmake.exe /nologo BUILDMSG=Stop. -i /nologo /f c:\winddk\7600.16385.1\bin\makefile.def BUILD_PASS=PASS2 LINKONLY=1 NOPASS0=1 MAKEDIR_RELATIVE_TO_BASEDIR='
1> C:\WinDDK\7600.16385.1\Bin\x86\oacr\oacrcl @d:\daten\projekte\filemonitor\flmonflt\objfre_win7_amd64\amd64\cl.rsp
1>Microsoft (R) C/C++ Optimizing Compiler Version 15.00.30729.207 for x64
1>Copyright (C) Microsoft Corporation.  All rights reserved.
1>cl /Fo"d:\daten\projekte\filemonitor\flmonflt\objfre_win7_amd64\amd64/"
1> /FC
1> /Iamd64\
1> /I.
1> /I.
1> /Id:\daten\projekte\filemonitor\flmonflt\objfre_win7_amd64\amd64
1> /IC:\WinDDK\7600.16385.1\inc\api
1> /IC:\WinDDK\7600.16385.1\inc\api
1> /IC:\WinDDK\7600.16385.1\inc\ddk
1> /IC:\WinDDK\7600.16385.1\inc\ddk
1> /IC:\WinDDK\7600.16385.1\inc\crt
1> /D_WIN64
1> /D_AMD64_
1> /DAMD64
1> /DCONDITION_HANDLING=1
1> /DNT_UP=1
1> /DNT_INST=0
1> /DWIN32=100
1> /D_NT1X_=100
1> /DWINNT=1
1> /D_WIN32_WINNT=0x0601
1> /DWINVER=0x0601
1> /D_WIN32_IE=0x0800
1> /DWIN32_LEAN_AND_MEAN=1
1> /DDEVL=1
1> /D__BUILDMACHINE__=WinDDK
1> /DNDEBUG
1> /D_DLL=1
1> /DNDEBUG
1> -DCHECKED
1> -D_X64_
1> -D_WIN64
1> -DUNICODE
1> -D_UNICODE
1> -DPC_IMPLEMENTATION
1> -DKSDEBUG_INIT
1> /DNTDDI_VERSION=0x06010000
1> /c
1> /Zc:wchar_t-
1> /Zl
1> /Zp8
1> /Gy
1> -cbstring
1> /W4
1> /WX
1> /EHs-c-
1> /GR-
1> /GF
1> /GS
1> /Zi
1> /Oxs
1> /GL
1> /Zi
1> /Fdd:\daten\projekte\filemonitor\flmonflt\objfre_win7_amd64\amd64\
1> /DKMDF_MAJOR_VERSION_STRING=01
1> /DKMDF_MINOR_VERSION_STRING=009
1> /typedil-
1> /wd4603
1> /wd4627
1> /FIC:\WinDDK\7600.16385.1\inc\api\warning.h
1> .\filemon.c .\fldebug.c .\fldirectorylist.c .\flmutex.c .\fldiropenclosetracker.c .\flucfilename.c .\fltimerthread.c 
1>filemon.c
1>d:\daten\projekte\filemonitor\flmonflt\filemon.c(173) : error C2220: warning treated as error - no 'object' file generated
1>errors in directory d:\daten\projekte\filemonitor\flmonflt
1>d:\daten\projekte\filemonitor\flmonflt\filemon.c(173) : error C2220: warning treated as error - no 'object' file generated
1>d:\daten\projekte\filemonitor\flmonflt\filemon.c(173) : warning C4100: 'RegistryPath' : unreferenced formal parameter
1>warnings in directory d:\daten\projekte\filemonitor\flmonflt
1>d:\daten\projekte\filemonitor\flmonflt\filemon.c(173) : warning C4100: 'RegistryPath' : unreferenced formal parameter
1>d:\daten\projekte\filemonitor\flmonflt\filemon.c(326) : warning C4100: 'Flags' : unreferenced formal parameter
1>d:\daten\projekte\filemonitor\flmonflt\filemon.c(326) : warning C4100: 'Flags' : unreferenced formal parameter
1>d:\daten\projekte\filemonitor\flmonflt\filemon.c(365) : warning C4100: 'CompletionContext' : unreferenced formal parameter
1>d:\daten\projekte\filemonitor\flmonflt\filemon.c(365) : warning C4100: 'CompletionContext' : unreferenced formal parameter
1>d:\daten\projekte\filemonitor\flmonflt\filemon.c(364) : warning C4100: 'FltObjects' : unreferenced formal parameter
1>d:\daten\projekte\filemonitor\flmonflt\filemon.c(364) : warning C4100: 'FltObjects' : unreferenced formal parameter
1>d:\daten\projekte\filemonitor\flmonflt\filemon.c(370) : warning C4101: 's' : unreferenced local variable
1>d:\daten\projekte\filemonitor\flmonflt\filemon.c(370) : warning C4101: 's' : unreferenced local variable
1>d:\daten\projekte\filemonitor\flmonflt\filemon.c(372) : warning C4189: 'valid' : local variable is initialized but not referenced
1>d:\daten\projekte\filemonitor\flmonflt\filemon.c(372) : warning C4189: 'valid' : local variable is initialized but not referenced
1>d:\daten\projekte\filemonitor\flmonflt\filemon.c(444) : warning C4100: 'Flags' : unreferenced formal parameter
1>d:\daten\projekte\filemonitor\flmonflt\filemon.c(444) : warning C4100: 'Flags' : unreferenced formal parameter
1>d:\daten\projekte\filemonitor\flmonflt\filemon.c(443) : warning C4100: 'CompletionContext' : unreferenced formal parameter
1>d:\daten\projekte\filemonitor\flmonflt\filemon.c(443) : warning C4100: 'CompletionContext' : unreferenced formal parameter
1>d:\daten\projekte\filemonitor\flmonflt\filemon.c(583) : warning C4100: 'CompletionContext' : unreferenced formal parameter
1>d:\daten\projekte\filemonitor\flmonflt\filemon.c(583) : warning C4100: 'CompletionContext' : unreferenced formal parameter
1>d:\daten\projekte\filemonitor\flmonflt\filemon.c(588) : warning C4101: 's' : unreferenced local variable
1>d:\daten\projekte\filemonitor\flmonflt\filemon.c(588) : warning C4101: 's' : unreferenced local variable
1>d:\daten\projekte\filemonitor\flmonflt\filemon.c(701) : warning C4100: 'CompletionContext' : unreferenced formal parameter
1>d:\daten\projekte\filemonitor\flmonflt\filemon.c(701) : warning C4100: 'CompletionContext' : unreferenced formal parameter
1>d:\daten\projekte\filemonitor\flmonflt\filemon.c(700) : warning C4100: 'FltObjects' : unreferenced formal parameter
1>d:\daten\projekte\filemonitor\flmonflt\filemon.c(700) : warning C4100: 'FltObjects' : unreferenced formal parameter
1>d:\daten\projekte\filemonitor\flmonflt\filemon.c(699) : warning C4100: 'Data' : unreferenced formal parameter
1>d:\daten\projekte\filemonitor\flmonflt\filemon.c(699) : warning C4100: 'Data' : unreferenced formal parameter
1>d:\daten\projekte\filemonitor\flmonflt\filemon.c(728) : warning C4100: 'ConnectionCookie' : unreferenced formal parameter
1>d:\daten\projekte\filemonitor\flmonflt\filemon.c(728) : warning C4100: 'ConnectionCookie' : unreferenced formal parameter
1>d:\daten\projekte\filemonitor\flmonflt\filemon.c(727) : warning C4100: 'SizeOfContext' : unreferenced formal parameter
1>d:\daten\projekte\filemonitor\flmonflt\filemon.c(727) : warning C4100: 'SizeOfContext' : unreferenced formal parameter
1>d:\daten\projekte\filemonitor\flmonflt\filemon.c(726) : warning C4100: 'ConnectionContext' : unreferenced formal parameter
1>d:\daten\projekte\filemonitor\flmonflt\filemon.c(726) : warning C4100: 'ConnectionContext' : unreferenced formal parameter
1>d:\daten\projekte\filemonitor\flmonflt\filemon.c(725) : warning C4100: 'ServerPortCookie' : unreferenced formal parameter
1>d:\daten\projekte\filemonitor\flmonflt\filemon.c(725) : warning C4100: 'ServerPortCookie' : unreferenced formal parameter
1>d:\daten\projekte\filemonitor\flmonflt\filemon.c(763) : warning C4100: 'ConnectionCookie' : unreferenced formal parameter
1>d:\daten\projekte\filemonitor\flmonflt\filemon.c(763) : warning C4100: 'ConnectionCookie' : unreferenced formal parameter
1>d:\daten\projekte\filemonitor\flmonflt\filemon.c(790) : warning C4100: 'ReturnOutputBufferLength' : unreferenced formal parameter
1>d:\daten\projekte\filemonitor\flmonflt\filemon.c(790) : warning C4100: 'ReturnOutputBufferLength' : unreferenced formal parameter
1>d:\daten\projekte\filemonitor\flmonflt\filemon.c(789) : warning C4100: 'OutputBufferLength' : unreferenced formal parameter
1>d:\daten\projekte\filemonitor\flmonflt\filemon.c(789) : warning C4100: 'OutputBufferLength' : unreferenced formal parameter
1>d:\daten\projekte\filemonitor\flmonflt\filemon.c(788) : warning C4100: 'OutputBuffer' : unreferenced formal parameter
1>d:\daten\projekte\filemonitor\flmonflt\filemon.c(788) : warning C4100: 'OutputBuffer' : unreferenced formal parameter
1>d:\daten\projekte\filemonitor\flmonflt\filemon.c(786) : warning C4100: 'InputBuffer' : unreferenced formal parameter
1>d:\daten\projekte\filemonitor\flmonflt\filemon.c(786) : warning C4100: 'InputBuffer' : unreferenced formal parameter
1>d:\daten\projekte\filemonitor\flmonflt\filemon.c(785) : warning C4100: 'PortCookie' : unreferenced formal parameter
1>d:\daten\projekte\filemonitor\flmonflt\filemon.c(785) : warning C4100: 'PortCookie' : unreferenced formal parameter
1>fldebug.c
1>fldirectorylist.c
1>d:\daten\projekte\filemonitor\flmonflt\fldirectorylist.c(144) : error C2220: warning treated as error - no 'object' file generated
1>d:\daten\projekte\filemonitor\flmonflt\fldirectorylist.c(144) : error C2220: warning treated as error - no 'object' file generated
1>d:\daten\projekte\filemonitor\flmonflt\fldirectorylist.c(144) : warning C4101: 'status' : unreferenced local variable
1>d:\daten\projekte\filemonitor\flmonflt\fldirectorylist.c(144) : warning C4101: 'status' : unreferenced local variable
1>d:\daten\projekte\filemonitor\flmonflt\fldirectorylist.c(187) : warning C4101: 'bstatus' : unreferenced local variable
1>d:\daten\projekte\filemonitor\flmonflt\fldirectorylist.c(187) : warning C4101: 'bstatus' : unreferenced local variable
1>flmutex.c
1>fldiropenclosetracker.c
1>d:\daten\projekte\filemonitor\flmonflt\fldiropenclosetracker.c(357) : error C2220: warning treated as error - no 'object' file generated
1>d:\daten\projekte\filemonitor\flmonflt\fldiropenclosetracker.c(357) : error C2220: warning treated as error - no 'object' file generated
1>d:\daten\projekte\filemonitor\flmonflt\fldiropenclosetracker.c(357) : warning C4101: 'tmp' : unreferenced local variable
1>d:\daten\projekte\filemonitor\flmonflt\fldiropenclosetracker.c(357) : warning C4101: 'tmp' : unreferenced local variable
1>d:\daten\projekte\filemonitor\flmonflt\fldiropenclosetracker.c(412) : warning C4100: 'tracker' : unreferenced formal parameter
1>d:\daten\projekte\filemonitor\flmonflt\fldiropenclosetracker.c(412) : warning C4100: 'tracker' : unreferenced formal parameter
1>d:\daten\projekte\filemonitor\flmonflt\fldiropenclosetracker.c(435) : warning C4101: 'buf' : unreferenced local variable
1>d:\daten\projekte\filemonitor\flmonflt\fldiropenclosetracker.c(435) : warning C4101: 'buf' : unreferenced local variable
1>flucfilename.c
1>d:\daten\projekte\filemonitor\flmonflt\flucfilename.c(69) : error C2220: warning treated as error - no 'object' file generated
1>d:\daten\projekte\filemonitor\flmonflt\flucfilename.c(69) : error C2220: warning treated as error - no 'object' file generated
1>d:\daten\projekte\filemonitor\flmonflt\flucfilename.c(69) : warning C4098: 'UcFilenameFree' : 'void' function returning a value
1>d:\daten\projekte\filemonitor\flmonflt\flucfilename.c(69) : warning C4098: 'UcFilenameFree' : 'void' function returning a value
1>fltimerthread.c
1>d:\daten\projekte\filemonitor\flmonflt\fltimerthread.c(41) : error C2220: warning treated as error - no 'object' file generated
1>d:\daten\projekte\filemonitor\flmonflt\fltimerthread.c(41) : error C2220: warning treated as error - no 'object' file generated
1>d:\daten\projekte\filemonitor\flmonflt\fltimerthread.c(41) : warning C4101: 'thread' : unreferenced local variable
1>d:\daten\projekte\filemonitor\flmonflt\fltimerthread.c(41) : warning C4101: 'thread' : unreferenced local variable
1>d:\daten\projekte\filemonitor\flmonflt\fltimerthread.c(102) : warning C4101: 'cresult' : unreferenced local variable
1>d:\daten\projekte\filemonitor\flmonflt\fltimerthread.c(102) : warning C4101: 'cresult' : unreferenced local variable
1>d:\daten\projekte\filemonitor\flmonflt\fltimerthread.c(143) : warning C4100: 'StartContext' : unreferenced formal parameter
1>d:\daten\projekte\filemonitor\flmonflt\fltimerthread.c(143) : warning C4100: 'StartContext' : unreferenced formal parameter
1> C:\WinDDK\7600.16385.1\Bin\x86\oacr\oacrlink /out:d:\daten\projekte\filemonitor\flmonflt\objfre_win7_amd64\amd64\flmonflt.sys /machine:amd64 @d:\daten\projekte\filemonitor\flmonflt\objfre_win7_amd64\amd64\lnk.rsp
1>Microsoft (R) Incremental Linker Version 9.00.30729.207
1>Copyright (C) Microsoft Corporation.  All rights reserved.
1>-map 
1>/MERGE:_PAGE=PAGE 
1>/MERGE:_TEXT=.text 
1>/SECTION:INIT,d 
1>/OPT:REF 
1>/OPT:ICF 
1>/IGNORE:4198,4010,4037,4039,4065,4070,4078,4087,4089,4221,4108,4088,4218,4218,4235 
1>/INCREMENTAL:NO 
1>/release 
1>/NODEFAULTLIB 
1>/WX 
1>/debug 
1>/debugtype:cv,fixup,pdata 
1>/version:6.1 
1>/osversion:6.1 
1>C:\WinDDK\7600.16385.1\lib\win7\amd64\hotpatch.obj 
1>/functionpadmin:6 
1>/pdbcompress 
1>/STACK:0x40000,0x1000 
1>/driver 
1>/base:0x10000 
1>/subsystem:native,6.01 
1>/entry:GsDriverEntry 
1>/out:d:\daten\projekte\filemonitor\flmonflt\objfre_win7_amd64\amd64\flmonflt.sys 
1>d:\daten\projekte\filemonitor\flmonflt\objfre_win7_amd64\amd64\filemon.obj 
1>d:\daten\projekte\filemonitor\flmonflt\objfre_win7_amd64\amd64\fldebug.obj 
1>d:\daten\projekte\filemonitor\flmonflt\objfre_win7_amd64\amd64\fldirectorylist.obj 
1>d:\daten\projekte\filemonitor\flmonflt\objfre_win7_amd64\amd64\flmutex.obj 
1>d:\daten\projekte\filemonitor\flmonflt\objfre_win7_amd64\amd64\fldiropenclosetracker.obj 
1>d:\daten\projekte\filemonitor\flmonflt\objfre_win7_amd64\amd64\flucfilename.obj 
1>d:\daten\projekte\filemonitor\flmonflt\objfre_win7_amd64\amd64\fltimerthread.obj 
1>C:\WinDDK\7600.16385.1\lib\win7\amd64\BufferOverflowK.lib 
1>C:\WinDDK\7600.16385.1\lib\win7\amd64\ntoskrnl.lib 
1>C:\WinDDK\7600.16385.1\lib\win7\amd64\hal.lib 
1>C:\WinDDK\7600.16385.1\lib\win7\amd64\wmilib.lib 
1>C:\WinDDK\7600.16385.1\lib\win7\amd64\fltMgr.lib 
1>LINK : fatal error LNK1181: cannot open input file 'd:\daten\projekte\filemonitor\flmonflt\objfre_win7_amd64\amd64\filemon.obj'
1>link : error LNK1181: cannot open input file 'd:\daten\projekte\filemonitor\flmonflt\objfre_win7_amd64\amd64\filemon.obj'
