Der Buildvorgang wurde am 16.11.2011 10:05:10 gestartet.
     1>Projekt "D:\Daten\Projekte\FileMonitor\flmonflt\flmonflt.vcxproj" auf Knoten "2", build Ziel(e).
     1>Build:
         builddrv_chk_x86.cmd
         OACR monitor running already
         path contains nonexistant d:\program files (x86)\microsoft visual studio 10.0\common7\tools\bin, removing
         BUILD: Compile and Link for x86
         
         BUILD: Loading d:\winddk\7600.16385.1\build.dat...
         
         BUILD: Computing Include file dependencies:
         
         BUILD: Start time: Wed Nov 16 10:05:10 2011
         BUILD: Examining d:\daten\projekte\filemonitor\flmonflt directory for files to compile.
         
             d:\daten\projekte\filemonitor\flmonflt 
         
         Invalidating OACR warning log for 'root:x86chk'
         BUILD: Saving d:\winddk\7600.16385.1\build.dat...
         
         BUILD: Compiling and Linking d:\daten\projekte\filemonitor\flmonflt directory
         
         Configuring OACR for 'root:x86chk' - <OACR on>
         BUILD: Finish time: Wed Nov 16 10:05:11 2011
         BUILD: Done
         
         
         
             0 files compiled - 1 Warning
         
                 1 Datei(en) kopiert.
                 1 Datei(en) kopiert.
     1>Die Erstellung des Projekts "D:\Daten\Projekte\FileMonitor\flmonflt\flmonflt.vcxproj" ist abgeschlossen, build Ziel(e).

Das Erstellen war erfolgreich.

Verstrichene Zeit 00:00:00.69
