BUILD: Computing Include file dependencies:
BUILD: Examining d:\daten\projekte\filemonitor\flmon directory for files to compile.
oacr invalidate root:x86chk /autocleanqueue
1>Compiling d:\daten\projekte\filemonitor\flmon *************
1>'nmake.exe /nologo BUILDMSG=Stop. -i /nologo /f d:\winddk\7600.16385.1\bin\makefile.def BUILD_PASS=PASS1 NOLINK=1 NOPASS0=1 MAKEDIR_RELATIVE_TO_BASEDIR='
1> D:\WinDDK\7600.16385.1\Bin\x86\oacr\oacrlink /lib /out:d:\daten\projekte\filemonitor\flmon\objchk_win7_x86\i386\flmon.lib @d:\daten\projekte\filemonitor\flmon\objchk_win7_x86\i386\lib.rsp
1>Microsoft (R) Library Manager Version 9.00.30729.207
1>Copyright (C) Microsoft Corporation.  All rights reserved.
1>/IGNORE:4198,4010,4037,4039,4065,4070,4078,4087,4089,4221 
1>/WX 
1>/nodefaultlib 
1>/machine:ix86 
1>/def:flmon.def 
1>D:\WinDDK\7600.16385.1\lib\win7\i386\shell32.lib 
1>d:\daten\projekte\filemonitor\flmon\objchk_win7_x86\i386\flmonipc.obj 
1>d:\daten\projekte\filemonitor\flmon\objchk_win7_x86\i386\main.obj 
1> Creating library d:\daten\projekte\filemonitor\flmon\objchk_win7_x86\i386\flmon.lib and object d:\daten\projekte\filemonitor\flmon\objchk_win7_x86\i386\flmon.exp
1>Linking for d:\daten\projekte\filemonitor\flmon *************
1>'nmake.exe /nologo BUILDMSG=Stop. -i /nologo /f d:\winddk\7600.16385.1\bin\makefile.def BUILD_PASS=PASS2 LINKONLY=1 NOPASS0=1 MAKEDLL=1 MAKEDIR_RELATIVE_TO_BASEDIR='
1> D:\WinDDK\7600.16385.1\Bin\x86\oacr\oacrlink /out:d:\daten\projekte\filemonitor\flmon\objchk_win7_x86\i386\flmon.dll /machine:ix86 @d:\daten\projekte\filemonitor\flmon\objchk_win7_x86\i386\lnk.rsp
1>Microsoft (R) Incremental Linker Version 9.00.30729.207
1>Copyright (C) Microsoft Corporation.  All rights reserved.
1>/MERGE:_PAGE=PAGE 
1>/MERGE:_TEXT=.text 
1>/SECTION:INIT,d 
1>/OPT:REF 
1>/OPT:ICF 
1>/IGNORE:4198,4010,4037,4039,4065,4070,4078,4087,4089,4221 
1>/INCREMENTAL:NO 
1>/release 
1>/NODEFAULTLIB 
1>/WX 
1>/debug 
1>/debugtype:cv,fixup,pdata 
1>/version:6.1 
1>/osversion:6.1 
1>/functionpadmin:5 
1>/safeseh 
1>/nxcompat 
1>/merge:.rdata=.text 
1>/pdbcompress 
1>/dynamicbase 
1>/STACK:0x40000,0x1000 
1>/dll 
1>/base:@D:\WinDDK\7600.16385.1\bin\coffbase.txt,flmon 
1>/subsystem:console,6.01 
1>-entry:_DllMainCRTStartup@12 
1>d:\daten\projekte\filemonitor\flmon\objchk_win7_x86\i386\flmon.exp 
1>d:\daten\projekte\filemonitor\flmon\objchk_win7_x86\i386\flmonipc.obj 
1>d:\daten\projekte\filemonitor\flmon\objchk_win7_x86\i386\main.obj 
1>D:\WinDDK\7600.16385.1\lib\win7\i386\shell32.lib 
1>D:\WinDDK\7600.16385.1\lib\win7\i386\ntstc_msvcrt.lib 
1>D:\WinDDK\7600.16385.1\lib\crt\i386\msvcrt.lib 
1>D:\WinDDK\7600.16385.1\lib\crt\i386\msvcirt.lib 
1>D:\WinDDK\7600.16385.1\lib\win7\i386\user32.lib 
1>D:\WinDDK\7600.16385.1\lib\win7\i386\gdi32.lib 
1>D:\WinDDK\7600.16385.1\lib\win7\i386\kernel32.lib 
1>D:\WinDDK\7600.16385.1\lib\win7\i386\fltlib.lib 
