Der Buildvorgang wurde am 01.11.2011 19:51:28 gestartet.
     1>Projekt "D:\Daten\Projekte\FileMonitor\flmon\flmon.vcxproj" auf Knoten "2", build Ziel(e).
     1>Build:
         buildus_dbg_x86.cmd
         OACR monitor running already
         path contains nonexistant \bin\, removing
         path contains nonexistant d:\program files (x86)\microsoft visual studio 10.0\common7\tools\bin, removing
         BUILD: Compile and Link for x86
         
         BUILD: Loading d:\winddk\7600.16385.1\build.dat...
         
         BUILD: Computing Include file dependencies:
         
         BUILD: Start time: Tue Nov 01 19:51:28 2011
         BUILD: Examining d:\daten\projekte\filemonitor\flmon directory for files to compile.
         
             d:\daten\projekte\filemonitor\flmon 
         
         Invalidating OACR warning log for 'root:x86chk'
             d:\daten\projekte\filemonitor\flmon - 1 source files (288 lines)
         
         BUILD: Saving d:\winddk\7600.16385.1\build.dat...
         
         BUILD: Compiling d:\daten\projekte\filemonitor\flmon directory
         
         Configuring OACR for 'root:x86chk' - <OACR on>
         Compiling - flmonipc.c
         Building Library - objchk_win7_x86\i386\flmon.lib
         BUILD: Linking for d:\daten\projekte\filemonitor\flmon directory
         
         Linking Executable - objchk_win7_x86\i386\flmon.dll
         BUILD: Finish time: Tue Nov 01 19:51:29 2011
         BUILD: Done
         
         
         
             3 files compiled - 3 Warnings - 288 LPS
         
             1 library built
         
             1 executable built
         
                 1 Datei(en) kopiert.
     1>Die Erstellung des Projekts "D:\Daten\Projekte\FileMonitor\flmon\flmon.vcxproj" ist abgeschlossen, build Ziel(e).

Das Erstellen war erfolgreich.

Verstrichene Zeit 00:00:00.96
