Der Buildvorgang wurde am 03.01.2012 18:41:34 gestartet.
     1>Projekt "D:\Daten\Projekte\FileMonitor\flmonsvc\flmonsvc.vcxproj" auf Knoten "2", build Ziel(e).
     1>InitializeBuildStatus:
         "Debug\flmonsvc.unsuccessfulbuild" wird erstellt, da "AlwaysCreate" angegeben wurde.
       ClCompile:
         Alle Ausgaben sind aktuell.
       Link:
         D:\Program Files (x86)\Microsoft Visual Studio 10.0\VC\bin\link.exe /ERRORREPORT:PROMPT /OUT:"D:\Daten\Projekte\FileMonitor\Debug\flmonsvc.exe" /INCREMENTAL:NO /NOLOGO flmon.lib kernel32.lib user32.lib gdi32.lib winspool.lib comdlg32.lib advapi32.lib shell32.lib ole32.lib oleaut32.lib uuid.lib odbc32.lib odbccp32.lib /MANIFEST /ManifestFile:"Debug\flmonsvc.exe.intermediate.manifest" /MANIFESTUAC:"level='asInvoker' uiAccess='false'" /DEBUG /PDB:"D:\Daten\Projekte\FileMonitor\Debug\flmonsvc.pdb" /SUBSYSTEM:CONSOLE /TLBID:1 /DYNAMICBASE /NXCOMPAT /IMPLIB:"D:\Daten\Projekte\FileMonitor\Debug\flmonsvc.lib" /MACHINE:X86 Debug\DirectoryWatcher.obj
         Debug\FileDeletedWatcher.obj
         Debug\FileWriter.obj
         Debug\FlRuleSet.obj
         Debug\FsLogFile.obj
         Debug\RegistryWindows.obj
         Debug\Service.obj
         Debug\TagstoreConfig.obj
         Debug\ThreadWrapper.obj
         Debug\TsDeletedWatcher.obj
     1>DirectoryWatcher.obj : warning LNK4075: /EDITANDCONTINUE wird aufgrund der Angabe von /INCREMENTAL:NO ignoriert.
         flmonsvc.vcxproj -> D:\Daten\Projekte\FileMonitor\Debug\flmonsvc.exe
       Manifest:
         C:\Program Files (x86)\Microsoft SDKs\Windows\v7.0A\bin\mt.exe /nologo /verbose /outputresource:"D:\Daten\Projekte\FileMonitor\Debug\flmonsvc.exe;#1" /manifest Debug\flmonsvc.exe.intermediate.manifest
       PostBuildEvent:
         D:\Daten\Projekte\FileMonitor\flmonsvc\copyservice.cmd
         :VCEnd
