Der Buildvorgang wurde am 03.01.2012 19:24:54 gestartet.
     1>Projekt "D:\Daten\Projekte\FileMonitor\flmonflt\flmonflt.vcxproj" auf Knoten "2", build Ziel(e).
     1>Build:
         builddrv_chk_x64.cmd
         OACR monitor running already
         path contains nonexistant d:\program files (x86)\microsoft visual studio 10.0\common7\tools\bin, removing
         path contains nonexistant c:\program files (x86)\microsoft sdks\windows\v7.0a\\lib\win64, removing
         BUILD: Compile and Link for AMD64
         
         BUILD: Loading d:\winddk\7600.16385.1\build.dat...
         
         BUILD: Computing Include file dependencies:
         
         BUILD: Start time: Tue Jan 03 19:24:55 2012
         BUILD: Examining d:\daten\projekte\filemonitor\flmonflt directory for files to compile.
         
             d:\daten\projekte\filemonitor\flmonflt 
         
         Invalidating OACR warning log for 'root:amd64chk'
         BUILD: Saving d:\winddk\7600.16385.1\build.dat...
         
         BUILD: Compiling and Linking d:\daten\projekte\filemonitor\flmonflt directory
         
         Configuring OACR for 'root:amd64chk' - <OACR on>
         Compiling - filemon.c
         Compiling - fldebug.c
         Compiling - fldirectorylist.c
         Compiling - fltracker.c
         Linking Executable - objchk_win7_amd64\amd64\flmonflt.sys
         BUILD: Finish time: Tue Jan 03 19:25:00 2012
         BUILD: Done
         
         
         
             6 files compiled - 2 Warnings - 2,529 LPS
         
             1 executable built
         
     1>C:\Program Files (x86)\MSBuild\Microsoft.Cpp\v4.0\Microsoft.MakeFile.Targets(38,5): warning MSB5021: Die ausführbare Datei der Aufgabe wird aufgrund eines Abbruchs des Buildvorgangs beendet.
